This is pdfTeX, Version 3.14159265-2.6-1.40.17 (TeX Live 2016/W32TeX) (preloaded format=pdflatex 2016.8.30)  10 APR 2017 11:45
entering extended mode
 restricted \write18 enabled.
 %&-line parsing enabled.
**./report.tex
(./report.tex
LaTeX2e <2016/03/31> patch level 3
Babel <3.9r> and hyphenation patterns for 83 language(s) loaded.
(c:/texlive/2016/texmf-dist/tex/latex/base/article.cls
Document Class: article 2014/09/29 v1.4h Standard LaTeX document class
(c:/texlive/2016/texmf-dist/tex/latex/base/size12.clo
File: size12.clo 2014/09/29 v1.4h Standard LaTeX file (size option)
)
\c@part=\count79
\c@section=\count80
\c@subsection=\count81
\c@subsubsection=\count82
\c@paragraph=\count83
\c@subparagraph=\count84
\c@figure=\count85
\c@table=\count86
\abovecaptionskip=\skip41
\belowcaptionskip=\skip42
\bibindent=\dimen102
) (./bu_ece_report.sty
(./fancyheadings.sty
\headrulewidth=\dimen103
\footrulewidth=\dimen104
\plainheadrulewidth=\dimen105
\plainfootrulewidth=\dimen106
\headwidth=\dimen107
\footruleskip=\dimen108
) (./fancybox.sty
Package: fancybox 2000/09/19 1.3

Style option: `fancybox' v1.3 <2000/09/19> (tvz)
\@fancybox=\box26
\shadowsize=\dimen109
\@Sbox=\box27
\do@VerbBox=\toks14
\the@fancyput=\toks15
\this@fancyput=\toks16
\EndVerbatimTokens=\toks17
\Verbatim@Outfile=\write3
\Verbatim@Infile=\read1
) (c:/texlive/2016/texmf-dist/tex/latex/base/ifthen.sty
Package: ifthen 2014/09/29 v1.1c Standard LaTeX ifthen package (DPC)
)
(c:/texlive/2016/texmf-dist/tex/latex/graphics/epsfig.sty
Package: epsfig 1999/02/16 v1.7a (e)psfig emulation (SPQR)

(c:/texlive/2016/texmf-dist/tex/latex/graphics/graphicx.sty
Package: graphicx 2014/10/28 v1.0g Enhanced LaTeX Graphics (DPC,SPQR)

(c:/texlive/2016/texmf-dist/tex/latex/graphics/keyval.sty
Package: keyval 2014/10/28 v1.15 key=value parser (DPC)
\KV@toks@=\toks18
)
(c:/texlive/2016/texmf-dist/tex/latex/graphics/graphics.sty
Package: graphics 2016/07/10 v1.0t Standard LaTeX Graphics (DPC,SPQR)

(c:/texlive/2016/texmf-dist/tex/latex/graphics/trig.sty
Package: trig 2016/01/03 v1.10 sin cos tan (DPC)
)
(c:/texlive/2016/texmf-dist/tex/latex/graphics-cfg/graphics.cfg
File: graphics.cfg 2016/06/04 v1.11 sample graphics configuration
)
Package graphics Info: Driver file: pdftex.def on input line 99.

(c:/texlive/2016/texmf-dist/tex/latex/graphics-def/pdftex.def
File: pdftex.def 2016/07/10 v0.06j Graphics/color for pdfTeX

(c:/texlive/2016/texmf-dist/tex/generic/oberdiek/infwarerr.sty
Package: infwarerr 2016/05/16 v1.4 Providing info/warning/error messages (HO)
)
(c:/texlive/2016/texmf-dist/tex/generic/oberdiek/ltxcmds.sty
Package: ltxcmds 2016/05/16 v1.23 LaTeX kernel commands for general use (HO)
)
\Gread@gobject=\count87
))
\Gin@req@height=\dimen110
\Gin@req@width=\dimen111
)
\epsfxsize=\dimen112
\epsfysize=\dimen113
))
(./report.aux)
\openout1 = `report.aux'.

LaTeX Font Info:    Checking defaults for OML/cmm/m/it on input line 32.
LaTeX Font Info:    ... okay on input line 32.
LaTeX Font Info:    Checking defaults for T1/cmr/m/n on input line 32.
LaTeX Font Info:    ... okay on input line 32.
LaTeX Font Info:    Checking defaults for OT1/cmr/m/n on input line 32.
LaTeX Font Info:    ... okay on input line 32.
LaTeX Font Info:    Checking defaults for OMS/cmsy/m/n on input line 32.
LaTeX Font Info:    ... okay on input line 32.
LaTeX Font Info:    Checking defaults for OMX/cmex/m/n on input line 32.
LaTeX Font Info:    ... okay on input line 32.
LaTeX Font Info:    Checking defaults for U/cmr/m/n on input line 32.
LaTeX Font Info:    ... okay on input line 32.
 (c:/texlive/2016/texmf-dist/tex/context/base/mkii/supp-pdf.mkii
[Loading MPS to PDF converter (version 2006.09.02).]
\scratchcounter=\count88
\scratchdimen=\dimen114
\scratchbox=\box28
\nofMPsegments=\count89
\nofMParguments=\count90
\everyMPshowfont=\toks19
\MPscratchCnt=\count91
\MPscratchDim=\dimen115
\MPnumerator=\count92
\makeMPintoPDFobject=\count93
\everyMPtoPDFconversion=\toks20
) (c:/texlive/2016/texmf-dist/tex/generic/oberdiek/pdftexcmds.sty
Package: pdftexcmds 2016/05/21 v0.22 Utility functions of pdfTeX for LuaTeX (HO
)

(c:/texlive/2016/texmf-dist/tex/generic/oberdiek/ifluatex.sty
Package: ifluatex 2016/05/16 v1.4 Provides the ifluatex switch (HO)
Package ifluatex Info: LuaTeX not detected.
)
(c:/texlive/2016/texmf-dist/tex/generic/oberdiek/ifpdf.sty
Package: ifpdf 2016/05/14 v3.1 Provides the ifpdf switch
)
Package pdftexcmds Info: LuaTeX not detected.
Package pdftexcmds Info: \pdf@primitive is available.
Package pdftexcmds Info: \pdf@ifprimitive is available.
Package pdftexcmds Info: \pdfdraftmode found.
)
(c:/texlive/2016/texmf-dist/tex/latex/oberdiek/epstopdf-base.sty
Package: epstopdf-base 2016/05/15 v2.6 Base part for package epstopdf

(c:/texlive/2016/texmf-dist/tex/latex/oberdiek/grfext.sty
Package: grfext 2016/05/16 v1.2 Manage graphics extensions (HO)

(c:/texlive/2016/texmf-dist/tex/generic/oberdiek/kvdefinekeys.sty
Package: kvdefinekeys 2016/05/16 v1.4 Define keys (HO)
))
(c:/texlive/2016/texmf-dist/tex/latex/oberdiek/kvoptions.sty
Package: kvoptions 2016/05/16 v3.12 Key value format for package options (HO)

(c:/texlive/2016/texmf-dist/tex/generic/oberdiek/kvsetkeys.sty
Package: kvsetkeys 2016/05/16 v1.17 Key value parser (HO)

(c:/texlive/2016/texmf-dist/tex/generic/oberdiek/etexcmds.sty
Package: etexcmds 2016/05/16 v1.6 Avoid name clashes with e-TeX commands (HO)
Package etexcmds Info: Could not find \expanded.
(etexcmds)             That can mean that you are not using pdfTeX 1.50 or
(etexcmds)             that some package has redefined \expanded.
(etexcmds)             In the latter case, load this package earlier.
)))
Package epstopdf-base Info: Redefining graphics rule for `.eps' on input line 4
38.
Package grfext Info: Graphics extension search list:
(grfext)             [.png,.pdf,.jpg,.mps,.jpeg,.jbig2,.jb2,.PNG,.PDF,.JPG,.JPE
G,.JBIG2,.JB2,.eps]
(grfext)             \AppendGraphicsExtensions on input line 456.

(c:/texlive/2016/texmf-dist/tex/latex/latexconfig/epstopdf-sys.cfg
File: epstopdf-sys.cfg 2010/07/13 v1.3 Configuration of (r)epstopdf for TeX Liv
e
))
Overfull \vbox (3.75964pt too high) detected at line 46
 []


LaTeX Warning: \oval, \circle, or \line size unavailable on input line 46.

[1

{c:/texlive/2016/texmf-var/fonts/map/pdftex/updmap/pdftex.map}]
LaTeX Font Info:    External font `cmex10' loaded for size
(Font)              <14.4> on input line 51.
LaTeX Font Info:    External font `cmex10' loaded for size
(Font)              <7> on input line 51.
Package epstopdf Info: Source file: <BUlogo_cmyk.eps>
(epstopdf)                    date: 2017-04-07 13:15:14
(epstopdf)                    size: 399182 bytes
(epstopdf)             Output file: <BUlogo_cmyk-eps-converted-to.pdf>
(epstopdf)                    date: 2017-04-10 06:25:07
(epstopdf)                    size: 20454 bytes
(epstopdf)             Command: <repstopdf --outfile=BUlogo_cmyk-eps-converted-
to.pdf BUlogo_cmyk.eps>
(epstopdf)             \includegraphics on input line 51.
Package epstopdf Info: Output file is already uptodate.

<BUlogo_cmyk-eps-converted-to.pdf, id=11, 317.185pt x 142.5325pt>
File: BUlogo_cmyk-eps-converted-to.pdf Graphic file (type pdf)

<use BUlogo_cmyk-eps-converted-to.pdf>
Package pdftex.def Info: BUlogo_cmyk-eps-converted-to.pdf used on input line 51
.
(pdftex.def)             Requested size: 126.63458pt x 56.9055pt.
 [2

 <./BUlogo_cmyk-eps-converted-to.pdf>] [1

] (./report.toc
LaTeX Font Info:    External font `cmex10' loaded for size
(Font)              <12> on input line 4.
LaTeX Font Info:    External font `cmex10' loaded for size
(Font)              <8> on input line 4.
LaTeX Font Info:    External font `cmex10' loaded for size
(Font)              <6> on input line 4.
)
\tf@toc=\write4
\openout4 = `report.toc'.

 (./report.lof)
\tf@lof=\write5
\openout5 = `report.lof'.

 (./report.lot)
\tf@lot=\write6
\openout6 = `report.lot'.

Missing character: There is no ï in font cmr12!
Missing character: There is no ¿ in font cmr12!
Missing character: There is no ½ in font cmr12!
Missing character: There is no ï in font cmr12!
Missing character: There is no ¿ in font cmr12!
Missing character: There is no ½ in font cmr12!
 [1

]
Underfull \hbox (badness 10000) in paragraph at lines 108--119

 []


Underfull \hbox (badness 10000) in paragraph at lines 128--138

 []

[2]
Underfull \hbox (badness 10000) in paragraph at lines 139--153

 []


Underfull \hbox (badness 10000) in paragraph at lines 154--161

 []

[3]
Underfull \hbox (badness 10000) in paragraph at lines 177--184

 []

[4]
LaTeX Font Info:    Try loading font information for OMS+cmr on input line 219.

 (c:/texlive/2016/texmf-dist/tex/latex/base/omscmr.fd
File: omscmr.fd 2014/09/29 v2.5h Standard LaTeX font definitions
)
LaTeX Font Info:    Font shape `OMS/cmr/m/n' in size <12> not available
(Font)              Font shape `OMS/cmsy/m/n' tried instead on input line 219.

<backgroundSubtractionResults.png, id=47, 859.21pt x 538.01pt>
File: backgroundSubtractionResults.png Graphic file (type png)

<use backgroundSubtractionResults.png>
Package pdftex.def Info: backgroundSubtractionResults.png used on input line 22
6.
(pdftex.def)             Requested size: 386.64093pt x 242.10226pt.

<opflow.png, id=48, 1124.2pt x 843.15pt>
File: opflow.png Graphic file (type png)
 <use opflow.png>
Package pdftex.def Info: opflow.png used on input line 231.
(pdftex.def)             Requested size: 393.47589pt x 295.10692pt.
 (./report.bbl
[5]
Underfull \hbox (badness 3690) in paragraph at lines 17--18
[]\OT1/cmr/m/n/12 S. Smith, ``Re-views of Op-tic Flow, Mo-tion Seg-men-ta-tion,
 Edge find-
 []


Underfull \hbox (badness 6316) in paragraph at lines 17--18
\OT1/cmr/m/n/12 ing and Cor-ner Find-ing," \OT1/cmr/m/it/12 Tech-ni-cal Re-port
 TR97SMS1, Ox-ford Cen-
 []


Underfull \hbox (badness 2529) in paragraph at lines 17--18
\OT1/cmr/m/it/12 tre for Func-tional Mag-netic Res-o-nance Imag-ing of the Brai
n (FM-RIB)\OT1/cmr/m/n/12 ,
 []

) [6 <./backgroundSubtractionResults.png (PNG copy)>] [7 <./opflow.png (PNG cop
y)>] (./report.aux) ) 
Here is how much of TeX's memory you used:
 1915 strings out of 493013
 26383 string characters out of 6136993
 89957 words of memory out of 5000000
 5427 multiletter control sequences out of 15000+600000
 11612 words of font info for 40 fonts, out of 8000000 for 9000
 1141 hyphenation exceptions out of 8191
 41i,11n,25p,1240b,286s stack positions out of 5000i,500n,10000p,200000b,80000s
<c:/texlive/2016/texmf-dist/fonts/type1/public/amsfonts/cm
/cmbx12.pfb><c:/texlive/2016/texmf-dist/fonts/type1/public/amsfonts/cm/cmbx8.pf
b><c:/texlive/2016/texmf-dist/fonts/type1/public/amsfonts/cm/cmex10.pfb><c:/tex
live/2016/texmf-dist/fonts/type1/public/amsfonts/cm/cmmi12.pfb><c:/texlive/2016
/texmf-dist/fonts/type1/public/amsfonts/cm/cmmi6.pfb><c:/texlive/2016/texmf-dis
t/fonts/type1/public/amsfonts/cm/cmmi8.pfb><c:/texlive/2016/texmf-dist/fonts/ty
pe1/public/amsfonts/cm/cmr12.pfb><c:/texlive/2016/texmf-dist/fonts/type1/public
/amsfonts/cm/cmr8.pfb><c:/texlive/2016/texmf-dist/fonts/type1/public/amsfonts/c
m/cmsl12.pfb><c:/texlive/2016/texmf-dist/fonts/type1/public/amsfonts/cm/cmss12.
pfb><c:/texlive/2016/texmf-dist/fonts/type1/public/amsfonts/cm/cmssbx10.pfb><c:
/texlive/2016/texmf-dist/fonts/type1/public/amsfonts/cm/cmssi12.pfb><c:/texlive
/2016/texmf-dist/fonts/type1/public/amsfonts/cm/cmsy10.pfb><c:/texlive/2016/tex
mf-dist/fonts/type1/public/amsfonts/cm/cmsy8.pfb><c:/texlive/2016/texmf-dist/fo
nts/type1/public/amsfonts/cm/cmti12.pfb><c:/texlive/2016/texmf-dist/fonts/type1
/public/amsfonts/cm/cmtt12.pfb><c:/texlive/2016/texmf-dist/fonts/type1/public/a
msfonts/latxfont/lcirclew.pfb>
Output written on report.pdf (10 pages, 257380 bytes).
PDF statistics:
 112 PDF objects out of 1000 (max. 8388607)
 78 compressed objects within 1 object stream
 0 named destinations out of 1000 (max. 500000)
 16 words of extra memory for PDF output out of 10000 (max. 10000000)

